2025-01-19 15:30:07,778 - VSCodeSecurityMonitor - INFO - Сканирование директории расширений: /home/amir/.vscode/extensions
2025-01-19 15:30:07,778 - VSCodeSecurityMonitor - INFO - Обнаружено расширение: Arjun.swagger-viewer
2025-01-19 15:30:07,779 - VSCodeSecurityMonitor - INFO - Обнаружено расширение: alexcvzz.vscode-sqlite
2025-01-19 15:30:07,779 - VSCodeSecurityMonitor - INFO - Обнаружено расширение: ms-python.python
2025-01-19 15:30:07,779 - VSCodeSecurityMonitor - INFO - Обнаружено расширение: MustaphaKhairanGhliss.hawksecv2
2025-01-19 15:30:07,779 - VSCodeSecurityMonitor - INFO - Обнаружено расширение: ms-python.vscode-pylance
2025-01-19 15:30:07,780 - VSCodeSecurityMonitor - INFO - Обнаружено расширение: POSIdev-community.application-inspector
2025-01-19 15:30:07,780 - VSCodeSecurityMonitor - INFO - Обнаружено расширение: Blackboxapp.blackbox
2025-01-19 15:30:07,780 - VSCodeSecurityMonitor - INFO - Обнаружено расширение: Postman.postman-for-vscode
2025-01-19 15:30:07,780 - VSCodeSecurityMonitor - INFO - Обнаружено расширение: redhat.vscode-yaml
2025-01-19 15:30:07,780 - VSCodeSecurityMonitor - INFO - Обнаружено расширение: Blackboxapp.blackboxagent
2025-01-19 15:30:07,780 - VSCodeSecurityMonitor - INFO - Обнаружено расширение: ms-python.debugpy
2025-01-19 15:30:07,780 - VSCodeSecurityMonitor - INFO - Всего найдено расширений: 11
2025-01-19 15:30:07,794 - VSCodeSecurityMonitor - INFO - Запуск мониторинга расширений VSCode
2025-01-19 15:30:07,794 - VSCodeSecurityMonitor - INFO - Мониторинг запущен для 11 расширений
2025-01-19 15:31:07,795 - VSCodeSecurityMonitor - INFO - Остановка мониторинга расширений
2025-01-19 15:31:24,973 - VSCodeSecurityMonitor - INFO - Сканирование директории расширений: /home/amir/.vscode/extensions
2025-01-19 15:31:24,973 - VSCodeSecurityMonitor - INFO - Обнаружено расширение: Arjun.swagger-viewer
2025-01-19 15:31:24,973 - VSCodeSecurityMonitor - INFO - Обнаружено расширение: alexcvzz.vscode-sqlite
2025-01-19 15:31:24,974 - VSCodeSecurityMonitor - INFO - Обнаружено расширение: ms-python.python
2025-01-19 15:31:24,974 - VSCodeSecurityMonitor - INFO - Обнаружено расширение: MustaphaKhairanGhliss.hawksecv2
2025-01-19 15:31:24,974 - VSCodeSecurityMonitor - INFO - Обнаружено расширение: ms-python.vscode-pylance
2025-01-19 15:31:24,975 - VSCodeSecurityMonitor - INFO - Обнаружено расширение: POSIdev-community.application-inspector
2025-01-19 15:31:24,975 - VSCodeSecurityMonitor - INFO - Обнаружено расширение: Blackboxapp.blackbox
2025-01-19 15:31:24,975 - VSCodeSecurityMonitor - INFO - Обнаружено расширение: Postman.postman-for-vscode
2025-01-19 15:31:24,975 - VSCodeSecurityMonitor - INFO - Обнаружено расширение: redhat.vscode-yaml
2025-01-19 15:31:24,975 - VSCodeSecurityMonitor - INFO - Обнаружено расширение: Blackboxapp.blackboxagent
2025-01-19 15:31:24,975 - VSCodeSecurityMonitor - INFO - Обнаружено расширение: ms-python.debugpy
2025-01-19 15:31:24,975 - VSCodeSecurityMonitor - INFO - Всего найдено расширений: 11
2025-01-19 15:31:24,990 - VSCodeSecurityMonitor - INFO - Запуск мониторинга расширений VSCode
2025-01-19 15:31:24,990 - VSCodeSecurityMonitor - INFO - Мониторинг запущен для 11 расширений
