Файловые дескрипторы для PID 45373:
FD 0: /dev/pts/4
FD 1: /dev/pts/4
FD 2: /dev/pts/4
FD 3: /home/amir/Документы/vscode/VSCode-linux-x64/icudtl.dat
FD 4: /home/amir/Документы/vscode/VSCode-linux-x64/v8_context_snapshot.bin
FD 5: socket:[176833]
FD 6: socket:[176834]
FD 7: pipe:[176835]
FD 8: pipe:[176835]
FD 9: socket:[177692]
FD 10: socket:[177694]
FD 11: anon_inode:[eventfd]
FD 12: pipe:[162764]
FD 13: pipe:[162764]
FD 14: anon_inode:[eventpoll]
FD 15: anon_inode:[eventfd]
FD 16: socket:[172545]
FD 17: anon_inode:[eventpoll]
FD 18: anon_inode:[eventfd]
FD 19: anon_inode:[eventpoll]
FD 20: pipe:[162766]
FD 21: pipe:[162766]
FD 22: pipe:[162767]
FD 23: pipe:[162767]
FD 24: anon_inode:[eventfd]
FD 25: anon_inode:[eventpoll]
FD 26: anon_inode:[eventpoll]
FD 27: pipe:[162768]
FD 28: pipe:[162768]
FD 29: anon_inode:[eventfd]
FD 30: anon_inode:[eventpoll]
FD 31: pipe:[172546]
FD 32: pipe:[172546]
FD 33: anon_inode:[eventfd]
FD 34: /dev/pts/4
FD 35: /dev/null
FD 36: /dev/pts/4
FD 37: anon_inode:[eventpoll]
FD 38: pipe:[172547]
FD 39: pipe:[172547]
FD 40: anon_inode:[eventfd]
FD 41: socket:[169597]
FD 42: socket:[177716]
FD 43: socket:[177717]
FD 44: anon_inode:[eventfd]
FD 45: socket:[162769]
FD 46: anon_inode:[eventfd]
FD 47: pipe:[177718]
FD 48: pipe:[177718]
FD 49: /home/amir/Документы/vscode/VSCode-linux-x64/chrome_100_percent.pak
FD 50: /home/amir/Документы/vscode/VSCode-linux-x64/chrome_200_percent.pak
FD 51: anon_inode:[eventpoll]
FD 52: anon_inode:[eventfd]
FD 53: socket:[175546]
FD 54: /home/amir/Документы/vscode/VSCode-linux-x64/locales/en-US.pak
FD 55: /home/amir/Документы/vscode/VSCode-linux-x64/resources.pak
FD 56: anon_inode:[eventfd]
FD 57: /dev/shm/.org.chromium.Chromium.oDWgVz (deleted)
FD 58: socket:[176919]
FD 59: socket:[164701]
FD 60: socket:[179384]
FD 61: socket:[176853]
FD 62: anon_inode:inotify
FD 63: socket:[171478]
FD 64: socket:[165468]
FD 65: socket:[176865]
FD 66: /home/amir/Документы/vscode/VSCode-linux-x64/v8_context_snapshot.bin
FD 67: /home/amir/.config/Code/Local Storage/leveldb/LOCK
FD 68: socket:[164702]
FD 69: /dev/shm/.org.chromium.Chromium.nWEnAh (deleted)
FD 70: /home/amir/.config/Code/Local Storage/leveldb/LOG
FD 71: /home/amir/.config/Code/Service Worker/Database/LOCK
FD 72: /home/amir/.config/Code/Local Storage/leveldb/MANIFEST-000001
FD 73: /home/amir/.config/Code/Service Worker/Database/LOG
FD 74: /home/amir/.config/Code/Service Worker/Database/MANIFEST-000001
FD 75: /home/amir/.config/Code/Dictionaries/en-US-10-1.bdic
FD 76: /home/amir/.config/Code/Local Storage/leveldb/000003.log
FD 77: /home/amir/.config/Code/Service Worker/Database/000003.log
FD 78: socket:[179391]
FD 79: /dev/shm/.org.chromium.Chromium.yuRxBr (deleted)
FD 80: anon_inode:inotify
FD 81: /home/amir/.config/Code/logs/20250319T214429/main.log
FD 82: /dev/shm/.org.chromium.Chromium.EdgKeP (deleted)
FD 83: socket:[178618]
FD 84: /home/amir/.config/Code/logs/20250319T214429/window1/views.log
FD 85: /home/amir/.config/Code/logs/20250319T214429/window1/output_20250319T214430/tasks.log
FD 86: /home/amir/.config/Code/logs/20250319T214429/terminal.log
FD 87: anon_inode:[eventpoll]
FD 88: anon_inode:[eventfd]
FD 89: /home/amir/.config/Code/GPUCache/index
FD 90: /home/amir/.config/Code/GPUCache/data_0
FD 91: /home/amir/.config/Code/GPUCache/data_1
FD 92: /home/amir/.config/Code/GPUCache/data_2
FD 93: /home/amir/.config/Code/GPUCache/data_3
FD 94: /home/amir/.config/Code/DawnWebGPUCache/index
FD 95: /home/amir/.config/Code/DawnWebGPUCache/data_0
FD 96: /home/amir/.config/Code/DawnWebGPUCache/data_1
FD 97: /home/amir/.config/Code/DawnWebGPUCache/data_2
FD 98: /home/amir/.config/Code/DawnWebGPUCache/data_3
FD 99: /home/amir/.config/Code/DawnGraphiteCache/index
FD 100: /home/amir/.config/Code/DawnGraphiteCache/data_0
FD 101: /home/amir/.config/Code/DawnGraphiteCache/data_1
FD 102: /home/amir/.config/Code/DawnGraphiteCache/data_2
FD 103: /home/amir/.config/Code/DawnGraphiteCache/data_3
FD 104: socket:[164779]
FD 105: socket:[327354]
FD 106: socket:[165504]
FD 107: /home/amir/.config/Code/Session Storage/LOG
FD 108: /dev/shm/.org.chromium.Chromium.uGCpbU (deleted)
FD 109: socket:[165577]
FD 110: /dev/shm/.org.chromium.Chromium.dCtpib (deleted)
FD 111: /home/amir/.config/Code/Session Storage/LOCK
FD 112: /dev/shm/.org.chromium.Chromium.pSonYn (deleted)
FD 113: /home/amir/.config/Code/User/globalStorage/state.vscdb
FD 114: /home/amir/.config/Code/User/workspaceStorage/b6b3bddf03b14a8f20cff61e0a2ea3e7/state.vscdb
FD 115: /home/amir/.config/Code/logs/20250319T214429/window1/renderer.log
FD 116: /dev/null
FD 117: /home/amir/.config/Code/logs/20250319T214429/window1/notebook.rendering.log
FD 118: /home/amir/.config/Code/logs/20250319T214429/editSessions.log
FD 119: pipe:[177749]
FD 120: socket:[171493]
FD 121: pipe:[177750]
FD 122: /dev/null
FD 123: socket:[179492]
FD 124: pipe:[177751]
FD 125: socket:[176935]
FD 126: pipe:[177752]
FD 127: /dev/null
FD 128: socket:[176933]
FD 129: /home/amir/.pki/nssdb/cert9.db
FD 130: /dev/null
FD 131: /home/amir/.pki/nssdb/key4.db
FD 132: pipe:[169611]
FD 133: socket:[178631]
FD 134: pipe:[169608]
FD 135: socket:[170742]
FD 136: pipe:[169609]
FD 137: /home/amir/.config/Code/logs/20250319T214429/sharedprocess.log
FD 138: pipe:[169612]
FD 139: socket:[177758]
FD 140: socket:[162795]
FD 141: socket:[181451]
FD 142: anon_inode:[eventfd]
FD 143: socket:[179536]
FD 144: /home/amir/.config/Code/logs/20250319T214429/window1/network.log
FD 145: /dev/shm/.org.chromium.Chromium.9BllCU (deleted)
FD 146: socket:[173579]
FD 147: /home/amir/.config/Code/SharedStorage
FD 148: /home/amir/.config/Code/WebStorage/QuotaManager
FD 149: /home/amir/.config/Code/SharedStorage-wal
FD 150: /home/amir/.config/Code/WebStorage/QuotaManager-journal
FD 152: /dev/shm/.org.chromium.Chromium.OVgSz2 (deleted)
FD 153: socket:[175053]
FD 154: socket:[165554]
FD 155: socket:[180351]
FD 156: /dev/shm/.org.chromium.Chromium.Z25MHg (deleted)
FD 157: /dev/shm/.org.chromium.Chromium.gS9ylq (deleted)
FD 158: /home/amir/.config/Code/Session Storage/MANIFEST-000001
FD 159: /home/amir/.config/Code/Session Storage/000003.log
FD 160: socket:[171586]
FD 161: /run/systemd/inhibit/39.ref
FD 162: /home/amir/.config/Code/logs/20250319T214429/network-shared.log
FD 163: /dev/shm/.org.chromium.Chromium.7yWa0y (deleted)
FD 164: socket:[313259]
FD 165: socket:[327374]
FD 175: /home/amir/.config/Code/logs/20250319T214429/telemetry.log
FD 176: /home/amir/.config/Code/logs/20250319T214429/remoteTunnelService.log
FD 177: /home/amir/.config/Code/logs/20250319T214429/userDataSync.log

