0.0 15

2.0 15

0.0 15

0.0 15

0.0 15

1.0 15

0.0 15

2.0 15

0.0 15

0.0 15

0.0 15

0.0 15

0.0 15

0.0 15

0.0 15

3.0 15

0.0 15

4.0 15

0.0 16

3.0 16

2.0 16

0.0 16

4.0 16

2.0 16

0.0 16

3.0 17

3.0 17

6.0 18

6.0 18

5.0 18

1.0 18

1.0 18

4.0 18

4.0 18

6.0 18

0.0 18

2.0 18

1.0 18

1.0 18

0.0 18

0.0 18

1.0 19

2.0 19

0.0 19

2.0 18

3.0 18

4.0 18

6.0 19

3.0 19

3.0 18

1.0 18

0.0 18

0.0 18

0.0 18

1.0 18

1.0 18

0.0 18

1.0 18

1.0 18

0.0 18

1.0 18

0.0 18

1.0 18

0.0 18

0.0 18

1.0 18

2.0 18

2.0 18

1.0 18

1.0 18

0.0 18

0.0 18

0.0 18

0.0 18

0.0 18

1.0 18

2.0 18

0.0 18

1.0 18

0.0 18

1.0 18

3.0 18

1.0 18

0.0 18

4.0 18

1.0 18

0.0 18

6.0 18

1.0 18

2.0 18

0.0 18

0.0 18

0.0 18

2.0 18

2.0 18

0.0 18

0.0 18

0.0 18

0.0 18

1.0 18

0.0 18

0.0 18

0.0 18

2.0 18

1.0 18

0.0 18

3.0 18

0.0 18

1.0 18

5.0 18

6.0 18

8.0 18

7.0 18

0.0 18

0.0 18

0.0 18

3.0 18

2.0 18

0.0 18

0.0 18

0.0 18

0.0 18

0.0 18

0.0 18

0.0 18

0.0 18

0.0 18

0.0 18

0.0 18

0.0 18

0.0 18

0.0 18

0.0 18

0.0 18

0.0 18

0.0 18

0.0 18

0.0 18

0.0 18

1.0 18

4.0 18

7.0 18

0.0 18

0.0 18

6.0 19

0.0 18

0.0 18

0.0 18

4.0 18

1.0 18

5.0 18

9.0 18

4.0 18

1.0 18

3.0 18

2.0 18

4.0 18

0.0 19

0.0 19

0.0 19

0.0 19

0.0 19

0.0 19

2.0 19

13.0 19

0.0 19

0.0 19

0.0 19

0.0 19

0.0 19

0.0 19

4.0 19

5.0 19

1.0 19

7.0 19

5.0 19

2.0 19

2.0 19

0.0 19

1.0 19

2.0 19

0.0 19

1.0 19

3.0 19

0.0 19

1.0 19

4.0 19

6.0 19

0.0 19

0.0 19

2.0 19

2.0 19

2.0 19

0.0 19

0.0 19

0.0 19

0.0 19

0.0 19

0.0 19

0.0 19

0.0 19

0.0 19

2.0 19

2.0 19

0.0 19

0.0 19

0.0 19

0.0 19

0.0 19

0.0 19

0.0 19

2.0 19

1.0 19

0.0 19

1.0 19

0.0 19

0.0 19

0.0 19

0.0 19

0.0 19

0.0 19

0.0 19

0.0 19

0.0 19

0.0 19

0.0 19

0.0 19

0.0 18

0.0 18

0.0 18

0.0 18

0.0 18

0.0 18

0.0 18

0.0 18

0.0 18

1.0 18

2.0 18

0.0 18

2.0 18

3.0 18

6.0 18

8.0 18

0.0 18

0.0 18

0.0 18

0.0 18

1.0 18

